<?xml version="1.0" encoding="UTF-8"?>
<testng-results ignored="0" total="1" passed="1" failed="0" skipped="0">
  <reporter-output>
  </reporter-output>
  <suite started-at="2023-01-21T10:20:20 IST" name="Surefire suite" finished-at="2023-01-21T10:20:40 IST" duration-ms="19430">
    <groups>
      <group name="cucumber">
        <method signature="AbstractTestNGCucumberTests.runScenario(io.cucumber.testng.PickleWrapper,io.cucumber.testng.FeatureWrapper)[pri:0, instance:cucOptions.TestRunner@25084a1e]" name="runScenario" class="io.cucumber.testng.AbstractTestNGCucumberTests"/>
      </group> <!-- cucumber -->
    </groups>
    <test started-at="2023-01-21T10:20:20 IST" name="Surefire test" finished-at="2023-01-21T10:20:40 IST" duration-ms="19430">
      <class name="cucOptions.TestRunner">
        <test-method is-config="true" signature="setUpClass(org.testng.ITestContext)[pri:0, instance:cucOptions.TestRunner@25084a1e]" started-at="2023-01-21T10:20:20 IST" name="setUpClass" finished-at="2023-01-21T10:20:22 IST" duration-ms="1417" status="PASS">
          <params>
            <param index="0">
              <value>
                <![CDATA[org.testng.TestRunner@45d7495e]]>
              </value>
            </param>
          </params>
          <reporter-output>
          </reporter-output>
        </test-method> <!-- setUpClass -->
        <test-method signature="runScenario(io.cucumber.testng.PickleWrapper,io.cucumber.testng.FeatureWrapper)[pri:0, instance:cucOptions.TestRunner@25084a1e]" started-at="2023-01-21T10:20:22 IST" name="runScenario" description="Runs Cucumber Scenarios" data-provider="scenarios" finished-at="2023-01-21T10:20:39 IST" duration-ms="17872" status="PASS">
          <params>
            <param index="0">
              <value>
                <![CDATA["Login to the web and book a hotel"]]>
              </value>
            </param>
            <param index="1">
              <value>
                <![CDATA["I want to book an hotel"]]>
              </value>
            </param>
          </params>
          <reporter-output>
          </reporter-output>
        </test-method> <!-- runScenario -->
        <test-method is-config="true" signature="tearDownClass()[pri:0, instance:cucOptions.TestRunner@25084a1e]" started-at="2023-01-21T10:20:39 IST" name="tearDownClass" finished-at="2023-01-21T10:20:40 IST" duration-ms="69" status="PASS">
          <reporter-output>
          </reporter-output>
        </test-method> <!-- tearDownClass -->
      </class> <!-- cucOptions.TestRunner -->
    </test> <!-- Surefire test -->
  </suite> <!-- Surefire suite -->
</testng-results>
