<?xml version="1.0" encoding="UTF-8"?>
<testng-results ignored="0" total="1" passed="1" failed="0" skipped="0">
  <reporter-output>
  </reporter-output>
  <suite started-at="2023-02-15T11:28:38 IST" name="Default suite" finished-at="2023-02-15T11:28:55 IST" duration-ms="16896">
    <groups>
      <group name="cucumber">
        <method signature="AbstractTestNGCucumberTests.runScenario(io.cucumber.testng.PickleWrapper,io.cucumber.testng.FeatureWrapper)[pri:0, instance:cucOptions.TestRunner@57a78e3]" name="runScenario" class="io.cucumber.testng.AbstractTestNGCucumberTests"/>
      </group> <!-- cucumber -->
    </groups>
    <test started-at="2023-02-15T11:28:38 IST" name="Default test" finished-at="2023-02-15T11:28:55 IST" duration-ms="16896">
      <class name="cucOptions.TestRunner">
        <test-method is-config="true" signature="setUpClass(org.testng.ITestContext)[pri:0, instance:cucOptions.TestRunner@57a78e3]" started-at="2023-02-15T11:28:38 IST" name="setUpClass" finished-at="2023-02-15T11:28:40 IST" duration-ms="1176" status="PASS">
          <params>
            <param index="0">
              <value>
                <![CDATA[org.testng.TestRunner@64c8fcfb]]>
              </value>
            </param>
          </params>
          <reporter-output>
          </reporter-output>
        </test-method> <!-- setUpClass -->
        <test-method signature="runScenario(io.cucumber.testng.PickleWrapper,io.cucumber.testng.FeatureWrapper)[pri:0, instance:cucOptions.TestRunner@57a78e3]" started-at="2023-02-15T11:28:40 IST" name="runScenario" description="Runs Cucumber Scenarios" data-provider="scenarios" finished-at="2023-02-15T11:28:55 IST" duration-ms="15468" status="PASS">
          <params>
            <param index="0">
              <value>
                <![CDATA["Login to the web and book a hotel"]]>
              </value>
            </param>
            <param index="1">
              <value>
                <![CDATA["I want to book an hotel"]]>
              </value>
            </param>
          </params>
          <reporter-output>
          </reporter-output>
        </test-method> <!-- runScenario -->
        <test-method is-config="true" signature="tearDownClass()[pri:0, instance:cucOptions.TestRunner@57a78e3]" started-at="2023-02-15T11:28:55 IST" name="tearDownClass" finished-at="2023-02-15T11:28:55 IST" duration-ms="131" status="PASS">
          <reporter-output>
          </reporter-output>
        </test-method> <!-- tearDownClass -->
      </class> <!-- cucOptions.TestRunner -->
    </test> <!-- Default test -->
  </suite> <!-- Default suite -->
</testng-results>
